<?xml version="1.0" encoding="UTF-8"?>
<!-- Generated by org.testng.reporters.JUnitXMLReporter -->
<testsuite hostname="DESKTOP-34EVSF8" ignored="0" name="GRP-regression" tests="4" failures="0" timestamp="2022-02-21T19:14:05 IST" time="0.068" errors="0">
  <testcase name="test1" time="0.009" classname="TestNG.Group"/>
  <testcase name="test2" time="0.002" classname="TestNG.Group"/>
  <testcase name="test3" time="0.001" classname="TestNG.Group"/>
  <testcase name="test4" time="0.003" classname="TestNG.Group"/>
</testsuite> <!-- GRP-regression -->
