<?xml version="1.0" encoding="UTF-8"?>
<testng-results skipped="0" failed="0" ignored="0" total="1" passed="1">
  <reporter-output>
  </reporter-output>
  <suite name="Default suite" duration-ms="10292" started-at="2022-03-30T17:14:17 IST" finished-at="2022-03-30T17:14:27 IST">
    <groups>
    </groups>
    <test name="Default test" duration-ms="10292" started-at="2022-03-30T17:14:17 IST" finished-at="2022-03-30T17:14:27 IST">
      <class name="TestNG.Assertion">
        <test-method status="PASS" signature="login()[pri:0, instance:TestNG.Assertion@7219ec67]" name="login" duration-ms="10240" started-at="2022-03-30T17:14:17 IST" finished-at="2022-03-30T17:14:27 IST">
          <reporter-output>
          </reporter-output>
        </test-method> <!-- login -->
      </class> <!-- TestNG.Assertion -->
    </test> <!-- Default test -->
  </suite> <!-- Default suite -->
</testng-results>
