<?xml version="1.0" encoding="UTF-8"?>
<testng-results skipped="0" failed="0" ignored="0" total="4" passed="4">
  <reporter-output>
  </reporter-output>
  <suite name="Default suite" duration-ms="32392" started-at="2022-02-21T21:13:30 IST" finished-at="2022-02-21T21:14:03 IST">
    <groups>
    </groups>
    <test name="Default test" duration-ms="32392" started-at="2022-02-21T21:13:30 IST" finished-at="2022-02-21T21:14:03 IST">
      <class name="TestNG.Data_Provider_2">
        <test-method status="PASS" signature="datasetup(java.lang.String,java.lang.String)[pri:0, instance:TestNG.Data_Provider_2@4034c28c]" name="datasetup" duration-ms="6269" started-at="2022-02-21T21:13:30 IST" data-provider="create" finished-at="2022-02-21T21:13:36 IST">
          <params>
            <param index="0">
              <value>
                <![CDATA[standard_user]]>
              </value>
            </param>
            <param index="1">
              <value>
                <![CDATA[secret_sauce]]>
              </value>
            </param>
          </params>
          <reporter-output>
          </reporter-output>
        </test-method> <!-- datasetup -->
        <test-method status="PASS" signature="datasetup(java.lang.String,java.lang.String)[pri:0, instance:TestNG.Data_Provider_2@4034c28c]" name="datasetup" duration-ms="2511" started-at="2022-02-21T21:13:36 IST" data-provider="create" finished-at="2022-02-21T21:13:39 IST">
          <params>
            <param index="0">
              <value>
                <![CDATA[locked_out_user]]>
              </value>
            </param>
            <param index="1">
              <value>
                <![CDATA[secret_sauce]]>
              </value>
            </param>
          </params>
          <reporter-output>
          </reporter-output>
        </test-method> <!-- datasetup -->
        <test-method status="PASS" signature="datasetup(java.lang.String,java.lang.String)[pri:0, instance:TestNG.Data_Provider_2@4034c28c]" name="datasetup" duration-ms="2808" started-at="2022-02-21T21:13:39 IST" data-provider="create" finished-at="2022-02-21T21:13:42 IST">
          <params>
            <param index="0">
              <value>
                <![CDATA[problem_user]]>
              </value>
            </param>
            <param index="1">
              <value>
                <![CDATA[secret_sauce]]>
              </value>
            </param>
          </params>
          <reporter-output>
          </reporter-output>
        </test-method> <!-- datasetup -->
        <test-method status="PASS" signature="datasetup(java.lang.String,java.lang.String)[pri:0, instance:TestNG.Data_Provider_2@4034c28c]" name="datasetup" duration-ms="20732" started-at="2022-02-21T21:13:42 IST" data-provider="create" finished-at="2022-02-21T21:14:03 IST">
          <params>
            <param index="0">
              <value>
                <![CDATA[performance_glitch_user]]>
              </value>
            </param>
            <param index="1">
              <value>
                <![CDATA[secret_sauce]]>
              </value>
            </param>
          </params>
          <reporter-output>
          </reporter-output>
        </test-method> <!-- datasetup -->
      </class> <!-- TestNG.Data_Provider_2 -->
    </test> <!-- Default test -->
  </suite> <!-- Default suite -->
</testng-results>
